<?xml version="1.0" encoding="UTF-8"?>
<!-- Generated by org.testng.reporters.JUnitXMLReporter -->
<testsuite hostname="Admin-PC" ignored="0" name="Test" tests="3" failures="0" timestamp="10 Dec 2017 16:43:57 GMT" time="168.834" errors="0">
  <testcase name="createLead" time="16.96" classname="testmethods.CreateLead1"/>
  <testcase name="createLead" time="17.504" classname="testmethods.CreateLead1"/>
  <testcase name="createLead" time="17.966" classname="testmethods.CreateLead1"/>
</testsuite> <!-- Test -->
