<?xml version="1.0" encoding="UTF-8"?>
<!-- Generated by org.testng.reporters.JUnitXMLReporter -->
<testsuite hostname="Admin-PC" ignored="0" name="Test" tests="3" failures="0" timestamp="26 Dec 2017 16:36:58 GMT" time="215.013" errors="0">
  <testcase name="CreateLead" time="52.143" classname="testcases.TC003_CreateLead"/>
  <testcase name="CreateLead" time="49.107" classname="testcases.TC003_CreateLead"/>
  <testcase name="CreateLead" time="44.19" classname="testcases.TC003_CreateLead"/>
</testsuite> <!-- Test -->
