<?xml version="1.0" encoding="UTF-8"?>
<!-- Generated by org.testng.reporters.JUnitXMLReporter -->
<testsuite hostname="Admin-PC" ignored="1" name="Test" tests="6" failures="0" timestamp="04 Dec 2017 19:22:50 GMT" time="348.159" errors="0">
  <testcase name="duplicatelead" time="42.091" classname="dppackage.DuplicateLead1"/>
  <testcase name="duplicatelead" time="38.208" classname="dppackage.DuplicateLead1"/>
  <testcase name="editlead" time="34.392" classname="dppackage.EditLead1"/>
  <testcase name="createLead" time="18.047" classname="dppackage.CreateLead1"/>
  <testcase name="createLead" time="16.884" classname="dppackage.CreateLead1"/>
  <testcase name="deletelead" time="34.121" classname="dppackage.DeleteLead1"/>
  <testcase name="mergeLead" time="0.0" classname="dppackage.MergeLead1">
    <ignored/>
  </testcase> <!-- mergeLead -->
</testsuite> <!-- Test -->
